<?xml version="1.0" encoding="UTF-8"?>
<testng-results ignored="0" total="3" passed="3" failed="0" skipped="0">
  <reporter-output>
  </reporter-output>
  <suite started-at="2025-04-24T09:54:42 EET" name="Surefire suite" finished-at="2025-04-24T09:55:35 EET" duration-ms="52831">
    <groups>
      <group name="cucumber">
        <method signature="AbstractTestNGCucumberTests.runScenario(io.cucumber.testng.PickleWrapper,io.cucumber.testng.FeatureWrapper)[pri:0, instance:runners.RunCucumberTest@50a638b5]" name="runScenario" class="io.cucumber.testng.AbstractTestNGCucumberTests"/>
      </group> <!-- cucumber -->
    </groups>
    <test started-at="2025-04-24T09:54:42 EET" name="Surefire test" finished-at="2025-04-24T09:55:35 EET" duration-ms="52831">
      <class name="runners.RunCucumberTest">
        <test-method is-config="true" signature="setUpClass(org.testng.ITestContext)[pri:0, instance:runners.RunCucumberTest@50a638b5]" started-at="2025-04-24T09:54:42 EET" name="setUpClass" finished-at="2025-04-24T09:54:43 EET" duration-ms="666" status="PASS">
          <params>
            <param index="0">
              <value>
                <![CDATA[org.testng.TestRunner@f73dcd6]]>
              </value>
            </param>
          </params>
          <reporter-output>
          </reporter-output>
        </test-method> <!-- setUpClass -->
        <test-method signature="runScenario(io.cucumber.testng.PickleWrapper,io.cucumber.testng.FeatureWrapper)[pri:0, instance:runners.RunCucumberTest@50a638b5]" started-at="2025-04-24T09:54:43 EET" name="runScenario" description="Runs Cucumber Scenarios" data-provider="scenarios" finished-at="2025-04-24T09:55:34 EET" duration-ms="51083" status="PASS">
          <params>
            <param index="0">
              <value>
                <![CDATA["Search and validate video titles on YouTube"]]>
              </value>
            </param>
            <param index="1">
              <value>
                <![CDATA["YouTube Video Search and Validation"]]>
              </value>
            </param>
          </params>
          <reporter-output>
          </reporter-output>
        </test-method> <!-- runScenario -->
        <test-method signature="runScenario(io.cucumber.testng.PickleWrapper,io.cucumber.testng.FeatureWrapper)[pri:0, instance:runners.RunCucumberTest@50a638b5]" started-at="2025-04-24T09:54:43 EET" name="runScenario" description="Runs Cucumber Scenarios" data-provider="scenarios" finished-at="2025-04-24T09:55:35 EET" duration-ms="52038" status="PASS">
          <params>
            <param index="0">
              <value>
                <![CDATA["Search and validate video titles on YouTube"]]>
              </value>
            </param>
            <param index="1">
              <value>
                <![CDATA["YouTube Video Search and Validation"]]>
              </value>
            </param>
          </params>
          <reporter-output>
          </reporter-output>
        </test-method> <!-- runScenario -->
        <test-method signature="runScenario(io.cucumber.testng.PickleWrapper,io.cucumber.testng.FeatureWrapper)[pri:0, instance:runners.RunCucumberTest@50a638b5]" started-at="2025-04-24T09:54:43 EET" name="runScenario" description="Runs Cucumber Scenarios" data-provider="scenarios" finished-at="2025-04-24T09:55:34 EET" duration-ms="51085" status="PASS">
          <params>
            <param index="0">
              <value>
                <![CDATA["Search and validate video titles on YouTube"]]>
              </value>
            </param>
            <param index="1">
              <value>
                <![CDATA["YouTube Video Search and Validation"]]>
              </value>
            </param>
          </params>
          <reporter-output>
          </reporter-output>
        </test-method> <!-- runScenario -->
        <test-method is-config="true" signature="tearDownClass()[pri:0, instance:runners.RunCucumberTest@50a638b5]" started-at="2025-04-24T09:55:35 EET" name="tearDownClass" finished-at="2025-04-24T09:55:35 EET" duration-ms="80" status="PASS">
          <reporter-output>
          </reporter-output>
        </test-method> <!-- tearDownClass -->
      </class> <!-- runners.RunCucumberTest -->
    </test> <!-- Surefire test -->
  </suite> <!-- Surefire suite -->
</testng-results>
